d:\wolfssl-4.7.0\x64\release\obj\crl.obj
d:\wolfssl-4.7.0\x64\release\obj\internal.obj
d:\wolfssl-4.7.0\x64\release\obj\wolfio.obj
d:\wolfssl-4.7.0\x64\release\obj\keys.obj
d:\wolfssl-4.7.0\x64\release\obj\ocsp.obj
d:\wolfssl-4.7.0\x64\release\obj\ssl.obj
d:\wolfssl-4.7.0\x64\release\obj\tls.obj
d:\wolfssl-4.7.0\x64\release\obj\tls13.obj
d:\wolfssl-4.7.0\x64\release\obj\aes.obj
d:\wolfssl-4.7.0\x64\release\obj\arc4.obj
d:\wolfssl-4.7.0\x64\release\obj\asn.obj
d:\wolfssl-4.7.0\x64\release\obj\blake2b.obj
d:\wolfssl-4.7.0\x64\release\obj\blake2s.obj
d:\wolfssl-4.7.0\x64\release\obj\camellia.obj
d:\wolfssl-4.7.0\x64\release\obj\chacha.obj
d:\wolfssl-4.7.0\x64\release\obj\chacha20_poly1305.obj
d:\wolfssl-4.7.0\x64\release\obj\cmac.obj
d:\wolfssl-4.7.0\x64\release\obj\coding.obj
d:\wolfssl-4.7.0\x64\release\obj\curve25519.obj
d:\wolfssl-4.7.0\x64\release\obj\cpuid.obj
d:\wolfssl-4.7.0\x64\release\obj\des3.obj
d:\wolfssl-4.7.0\x64\release\obj\dh.obj
d:\wolfssl-4.7.0\x64\release\obj\dsa.obj
d:\wolfssl-4.7.0\x64\release\obj\ecc.obj
d:\wolfssl-4.7.0\x64\release\obj\ed25519.obj
d:\wolfssl-4.7.0\x64\release\obj\error.obj
d:\wolfssl-4.7.0\x64\release\obj\fe_operations.obj
d:\wolfssl-4.7.0\x64\release\obj\ge_low_mem.obj
d:\wolfssl-4.7.0\x64\release\obj\ge_operations.obj
d:\wolfssl-4.7.0\x64\release\obj\hash.obj
d:\wolfssl-4.7.0\x64\release\obj\hc128.obj
d:\wolfssl-4.7.0\x64\release\obj\hmac.obj
d:\wolfssl-4.7.0\x64\release\obj\idea.obj
d:\wolfssl-4.7.0\x64\release\obj\integer.obj
d:\wolfssl-4.7.0\x64\release\obj\logging.obj
d:\wolfssl-4.7.0\x64\release\obj\md2.obj
d:\wolfssl-4.7.0\x64\release\obj\md4.obj
d:\wolfssl-4.7.0\x64\release\obj\md5.obj
d:\wolfssl-4.7.0\x64\release\obj\memory.obj
d:\wolfssl-4.7.0\x64\release\obj\pkcs7.obj
d:\wolfssl-4.7.0\x64\release\obj\pkcs12.obj
d:\wolfssl-4.7.0\x64\release\obj\poly1305.obj
d:\wolfssl-4.7.0\x64\release\obj\pwdbased.obj
d:\wolfssl-4.7.0\x64\release\obj\rabbit.obj
d:\wolfssl-4.7.0\x64\release\obj\random.obj
d:\wolfssl-4.7.0\x64\release\obj\rc2.obj
d:\wolfssl-4.7.0\x64\release\obj\ripemd.obj
d:\wolfssl-4.7.0\x64\release\obj\rsa.obj
d:\wolfssl-4.7.0\x64\release\obj\sha.obj
d:\wolfssl-4.7.0\x64\release\obj\sha256.obj
d:\wolfssl-4.7.0\x64\release\obj\sha3.obj
d:\wolfssl-4.7.0\x64\release\obj\sha512.obj
d:\wolfssl-4.7.0\x64\release\obj\signature.obj
d:\wolfssl-4.7.0\x64\release\obj\sp_c32.obj
d:\wolfssl-4.7.0\x64\release\obj\sp_c64.obj
d:\wolfssl-4.7.0\x64\release\obj\sp_int.obj
d:\wolfssl-4.7.0\x64\release\obj\sp_x86_64.obj
d:\wolfssl-4.7.0\x64\release\obj\srp.obj
d:\wolfssl-4.7.0\x64\release\obj\tfm.obj
d:\wolfssl-4.7.0\x64\release\obj\wc_encrypt.obj
d:\wolfssl-4.7.0\x64\release\obj\wc_pkcs11.obj
d:\wolfssl-4.7.0\x64\release\obj\wc_port.obj
d:\wolfssl-4.7.0\x64\release\obj\wolfmath.obj
d:\wolfssl-4.7.0\x64\release\obj\wolfevent.obj
d:\wolfssl-4.7.0\x64\release\aes_asm.obj
d:\wolfssl-4.7.0\x64\release\wolfssl.lib
d:\wolfssl-4.7.0\x64\release\obj\wolfssl.tlog\cl.command.1.tlog
d:\wolfssl-4.7.0\x64\release\obj\wolfssl.tlog\cl.read.1.tlog
d:\wolfssl-4.7.0\x64\release\obj\wolfssl.tlog\cl.write.1.tlog
d:\wolfssl-4.7.0\x64\release\obj\wolfssl.tlog\custombuild.command.1.tlog
d:\wolfssl-4.7.0\x64\release\obj\wolfssl.tlog\custombuild.read.1.tlog
d:\wolfssl-4.7.0\x64\release\obj\wolfssl.tlog\custombuild.write.1.tlog
d:\wolfssl-4.7.0\x64\release\obj\wolfssl.tlog\lib-link.read.1.tlog
d:\wolfssl-4.7.0\x64\release\obj\wolfssl.tlog\lib-link.write.1.tlog
d:\wolfssl-4.7.0\x64\release\obj\wolfssl.tlog\lib.command.1.tlog
